This is pdfTeX, Version 3.141592653-2.6-1.40.25 (TeX Live 2023/Debian) (preloaded format=pdflatex 2025.12.22)  20 APR 2026 01:18
entering extended mode
 restricted \write18 enabled.
 %&-line parsing enabled.
**BrandON_Final_Report.tex
(./BrandON_Final_Report.tex
LaTeX2e <2023-11-01> patch level 1
L3 programming layer <2024-01-22>
(/usr/share/texlive/texmf-dist/tex/latex/base/article.cls
Document Class: article 2023/05/17 v1.4n Standard LaTeX document class
(/usr/share/texlive/texmf-dist/tex/latex/base/size12.clo
File: size12.clo 2023/05/17 v1.4n Standard LaTeX file (size option)
)
\c@part=\count187
\c@section=\count188
\c@subsection=\count189
\c@subsubsection=\count190
\c@paragraph=\count191
\c@subparagraph=\count192
\c@figure=\count193
\c@table=\count194
\abovecaptionskip=\skip48
\belowcaptionskip=\skip49
\bibindent=\dimen140
)
(/usr/share/texlive/texmf-dist/tex/latex/base/inputenc.sty
Package: inputenc 2021/02/14 v1.3d Input encoding file
\inpenc@prehook=\toks17
\inpenc@posthook=\toks18
)
(/usr/share/texlive/texmf-dist/tex/latex/base/fontenc.sty
Package: fontenc 2021/04/29 v2.0v Standard LaTeX package
)
(/usr/share/texlive/texmf-dist/tex/latex/geometry/geometry.sty
Package: geometry 2020/01/02 v5.9 Page Geometry

(/usr/share/texlive/texmf-dist/tex/latex/graphics/keyval.sty
Package: keyval 2022/05/29 v1.15 key=value parser (DPC)
\KV@toks@=\toks19
)
(/usr/share/texlive/texmf-dist/tex/generic/iftex/ifvtex.sty
Package: ifvtex 2019/10/25 v1.7 ifvtex legacy package. Use iftex instead.

(/usr/share/texlive/texmf-dist/tex/generic/iftex/iftex.sty
Package: iftex 2022/02/03 v1.0f TeX engine tests
))
\Gm@cnth=\count195
\Gm@cntv=\count196
\c@Gm@tempcnt=\count197
\Gm@bindingoffset=\dimen141
\Gm@wd@mp=\dimen142
\Gm@odd@mp=\dimen143
\Gm@even@mp=\dimen144
\Gm@layoutwidth=\dimen145
\Gm@layoutheight=\dimen146
\Gm@layouthoffset=\dimen147
\Gm@layoutvoffset=\dimen148
\Gm@dimlist=\toks20
)
(/usr/share/texlive/texmf-dist/tex/latex/graphics/graphicx.sty
Package: graphicx 2021/09/16 v1.2d Enhanced LaTeX Graphics (DPC,SPQR)

(/usr/share/texlive/texmf-dist/tex/latex/graphics/graphics.sty
Package: graphics 2022/03/10 v1.4e Standard LaTeX Graphics (DPC,SPQR)

(/usr/share/texlive/texmf-dist/tex/latex/graphics/trig.sty
Package: trig 2021/08/11 v1.11 sin cos tan (DPC)
)
(/usr/share/texlive/texmf-dist/tex/latex/graphics-cfg/graphics.cfg
File: graphics.cfg 2016/06/04 v1.11 sample graphics configuration
)
Package graphics Info: Driver file: pdftex.def on input line 107.

(/usr/share/texlive/texmf-dist/tex/latex/graphics-def/pdftex.def
File: pdftex.def 2022/09/22 v1.2b Graphics/color driver for pdftex
))
\Gin@req@height=\dimen149
\Gin@req@width=\dimen150
)
(/usr/share/texlive/texmf-dist/tex/latex/booktabs/booktabs.sty
Package: booktabs 2020/01/12 v1.61803398 Publication quality tables
\heavyrulewidth=\dimen151
\lightrulewidth=\dimen152
\cmidrulewidth=\dimen153
\belowrulesep=\dimen154
\belowbottomsep=\dimen155
\aboverulesep=\dimen156
\abovetopsep=\dimen157
\cmidrulesep=\dimen158
\cmidrulekern=\dimen159
\defaultaddspace=\dimen160
\@cmidla=\count198
\@cmidlb=\count199
\@aboverulesep=\dimen161
\@belowrulesep=\dimen162
\@thisruleclass=\count266
\@lastruleclass=\count267
\@thisrulewidth=\dimen163
)
(/usr/share/texlive/texmf-dist/tex/latex/tools/longtable.sty
Package: longtable 2023-11-01 v4.19 Multi-page Table package (DPC)
\LTleft=\skip50
\LTright=\skip51
\LTpre=\skip52
\LTpost=\skip53
\LTchunksize=\count268
\LTcapwidth=\dimen164
\LT@head=\box51
\LT@firsthead=\box52
\LT@foot=\box53
\LT@lastfoot=\box54
\LT@gbox=\box55
\LT@cols=\count269
\LT@rows=\count270
\c@LT@tables=\count271
\c@LT@chunks=\count272
\LT@p@ftn=\toks21
)
(/usr/share/texlive/texmf-dist/tex/latex/tools/tabularx.sty
Package: tabularx 2023/07/08 v2.11c `tabularx' package (DPC)

(/usr/share/texlive/texmf-dist/tex/latex/tools/array.sty
Package: array 2023/10/16 v2.5g Tabular extension package (FMi)
\col@sep=\dimen165
\ar@mcellbox=\box56
\extrarowheight=\dimen166
\NC@list=\toks22
\extratabsurround=\skip54
\backup@length=\skip55
\ar@cellbox=\box57
)
\TX@col@width=\dimen167
\TX@old@table=\dimen168
\TX@old@col=\dimen169
\TX@target=\dimen170
\TX@delta=\dimen171
\TX@cols=\count273
\TX@ftn=\toks23
)
(/usr/share/texlive/texmf-dist/tex/latex/hyperref/hyperref.sty
Package: hyperref 2024-01-20 v7.01h Hypertext links for LaTeX

(/usr/share/texlive/texmf-dist/tex/latex/kvsetkeys/kvsetkeys.sty
Package: kvsetkeys 2022-10-05 v1.19 Key value parser (HO)
)
(/usr/share/texlive/texmf-dist/tex/generic/kvdefinekeys/kvdefinekeys.sty
Package: kvdefinekeys 2019-12-19 v1.6 Define keys (HO)
)
(/usr/share/texlive/texmf-dist/tex/generic/pdfescape/pdfescape.sty
Package: pdfescape 2019/12/09 v1.15 Implements pdfTeX's escape features (HO)

(/usr/share/texlive/texmf-dist/tex/generic/ltxcmds/ltxcmds.sty
Package: ltxcmds 2023-12-04 v1.26 LaTeX kernel commands for general use (HO)
)
(/usr/share/texlive/texmf-dist/tex/generic/pdftexcmds/pdftexcmds.sty
Package: pdftexcmds 2020-06-27 v0.33 Utility functions of pdfTeX for LuaTeX (HO
)

(/usr/share/texlive/texmf-dist/tex/generic/infwarerr/infwarerr.sty
Package: infwarerr 2019/12/03 v1.5 Providing info/warning/error messages (HO)
)
Package pdftexcmds Info: \pdf@primitive is available.
Package pdftexcmds Info: \pdf@ifprimitive is available.
Package pdftexcmds Info: \pdfdraftmode found.
))
(/usr/share/texlive/texmf-dist/tex/latex/hycolor/hycolor.sty
Package: hycolor 2020-01-27 v1.10 Color options for hyperref/bookmark (HO)
)
(/usr/share/texlive/texmf-dist/tex/latex/auxhook/auxhook.sty
Package: auxhook 2019-12-17 v1.6 Hooks for auxiliary files (HO)
)
(/usr/share/texlive/texmf-dist/tex/latex/hyperref/nameref.sty
Package: nameref 2023-11-26 v2.56 Cross-referencing by name of section

(/usr/share/texlive/texmf-dist/tex/latex/refcount/refcount.sty
Package: refcount 2019/12/15 v3.6 Data extraction from label references (HO)
)
(/usr/share/texlive/texmf-dist/tex/generic/gettitlestring/gettitlestring.sty
Package: gettitlestring 2019/12/15 v1.6 Cleanup title references (HO)

(/usr/share/texlive/texmf-dist/tex/latex/kvoptions/kvoptions.sty
Package: kvoptions 2022-06-15 v3.15 Key value format for package options (HO)
))
\c@section@level=\count274
)
(/usr/share/texlive/texmf-dist/tex/latex/etoolbox/etoolbox.sty
Package: etoolbox 2020/10/05 v2.5k e-TeX tools for LaTeX (JAW)
\etb@tempcnta=\count275
)
\@linkdim=\dimen172
\Hy@linkcounter=\count276
\Hy@pagecounter=\count277

(/usr/share/texlive/texmf-dist/tex/latex/hyperref/pd1enc.def
File: pd1enc.def 2024-01-20 v7.01h Hyperref: PDFDocEncoding definition (HO)
Now handling font encoding PD1 ...
... no UTF-8 mapping file for font encoding PD1
)
(/usr/share/texlive/texmf-dist/tex/generic/intcalc/intcalc.sty
Package: intcalc 2019/12/15 v1.3 Expandable calculations with integers (HO)
)
\Hy@SavedSpaceFactor=\count278

(/usr/share/texlive/texmf-dist/tex/latex/hyperref/puenc.def
File: puenc.def 2024-01-20 v7.01h Hyperref: PDF Unicode definition (HO)
Now handling font encoding PU ...
... no UTF-8 mapping file for font encoding PU
)
Package hyperref Info: Hyper figures OFF on input line 4179.
Package hyperref Info: Link nesting OFF on input line 4184.
Package hyperref Info: Hyper index ON on input line 4187.
Package hyperref Info: Plain pages OFF on input line 4194.
Package hyperref Info: Backreferencing OFF on input line 4199.
Package hyperref Info: Implicit mode ON; LaTeX internals redefined.
Package hyperref Info: Bookmarks ON on input line 4446.
\c@Hy@tempcnt=\count279

(/usr/share/texlive/texmf-dist/tex/latex/url/url.sty
\Urlmuskip=\muskip16
Package: url 2013/09/16  ver 3.4  Verb mode for urls, etc.
)
LaTeX Info: Redefining \url on input line 4784.
\XeTeXLinkMargin=\dimen173

(/usr/share/texlive/texmf-dist/tex/generic/bitset/bitset.sty
Package: bitset 2019/12/09 v1.3 Handle bit-vector datatype (HO)

(/usr/share/texlive/texmf-dist/tex/generic/bigintcalc/bigintcalc.sty
Package: bigintcalc 2019/12/15 v1.5 Expandable calculations on big integers (HO
)
))
\Fld@menulength=\count280
\Field@Width=\dimen174
\Fld@charsize=\dimen175
Package hyperref Info: Hyper figures OFF on input line 6063.
Package hyperref Info: Link nesting OFF on input line 6068.
Package hyperref Info: Hyper index ON on input line 6071.
Package hyperref Info: backreferencing OFF on input line 6078.
Package hyperref Info: Link coloring OFF on input line 6083.
Package hyperref Info: Link coloring with OCG OFF on input line 6088.
Package hyperref Info: PDF/A mode OFF on input line 6093.

(/usr/share/texlive/texmf-dist/tex/latex/base/atbegshi-ltx.sty
Package: atbegshi-ltx 2021/01/10 v1.0c Emulation of the original atbegshi
package with kernel methods
)
\Hy@abspage=\count281
\c@Item=\count282
\c@Hfootnote=\count283
)
Package hyperref Info: Driver (autodetected): hpdftex.

(/usr/share/texlive/texmf-dist/tex/latex/hyperref/hpdftex.def
File: hpdftex.def 2024-01-20 v7.01h Hyperref driver for pdfTeX

(/usr/share/texlive/texmf-dist/tex/latex/base/atveryend-ltx.sty
Package: atveryend-ltx 2020/08/19 v1.0a Emulation of the original atveryend pac
kage
with kernel methods
)
\Fld@listcount=\count284
\c@bookmark@seq@number=\count285

(/usr/share/texlive/texmf-dist/tex/latex/rerunfilecheck/rerunfilecheck.sty
Package: rerunfilecheck 2022-07-10 v1.10 Rerun checks for auxiliary files (HO)

(/usr/share/texlive/texmf-dist/tex/generic/uniquecounter/uniquecounter.sty
Package: uniquecounter 2019/12/15 v1.4 Provide unlimited unique counter (HO)
)
Package uniquecounter Info: New unique counter `rerunfilecheck' on input line 2
85.
)
\Hy@SectionHShift=\skip56
)
(/usr/share/texlive/texmf-dist/tex/latex/xcolor/xcolor.sty
Package: xcolor 2023/11/15 v3.01 LaTeX color extensions (UK)

(/usr/share/texlive/texmf-dist/tex/latex/graphics-cfg/color.cfg
File: color.cfg 2016/01/02 v1.6 sample color configuration
)
Package xcolor Info: Driver file: pdftex.def on input line 274.

(/usr/share/texlive/texmf-dist/tex/latex/graphics/mathcolor.ltx)
Package xcolor Info: Model `cmy' substituted by `cmy0' on input line 1350.
Package xcolor Info: Model `hsb' substituted by `rgb' on input line 1354.
Package xcolor Info: Model `RGB' extended on input line 1366.
Package xcolor Info: Model `HTML' substituted by `rgb' on input line 1368.
Package xcolor Info: Model `Hsb' substituted by `hsb' on input line 1369.
Package xcolor Info: Model `tHsb' substituted by `hsb' on input line 1370.
Package xcolor Info: Model `HSB' substituted by `hsb' on input line 1371.
Package xcolor Info: Model `Gray' substituted by `gray' on input line 1372.
Package xcolor Info: Model `wave' substituted by `hsb' on input line 1373.
)
(/usr/share/texlive/texmf-dist/tex/latex/listings/listings.sty
\lst@mode=\count286
\lst@gtempboxa=\box58
\lst@token=\toks24
\lst@length=\count287
\lst@currlwidth=\dimen176
\lst@column=\count288
\lst@pos=\count289
\lst@lostspace=\dimen177
\lst@width=\dimen178
\lst@newlines=\count290
\lst@lineno=\count291
\lst@maxwidth=\dimen179

(/usr/share/texlive/texmf-dist/tex/latex/listings/lstmisc.sty
File: lstmisc.sty 2023/02/27 1.9 (Carsten Heinz)
\c@lstnumber=\count292
\lst@skipnumbers=\count293
\lst@framebox=\box59
)
(/usr/share/texlive/texmf-dist/tex/latex/listings/listings.cfg
File: listings.cfg 2023/02/27 1.9 listings configuration
))
Package: listings 2023/02/27 1.9 (Carsten Heinz)

(/usr/share/texlive/texmf-dist/tex/latex/fancyhdr/fancyhdr.sty
Package: fancyhdr 2022/11/09 v4.1 Extensive control of page headers and footers

\f@nch@headwidth=\skip57
\f@nch@O@elh=\skip58
\f@nch@O@erh=\skip59
\f@nch@O@olh=\skip60
\f@nch@O@orh=\skip61
\f@nch@O@elf=\skip62
\f@nch@O@erf=\skip63
\f@nch@O@olf=\skip64
\f@nch@O@orf=\skip65
)
(/usr/share/texlive/texmf-dist/tex/latex/titlesec/titlesec.sty
Package: titlesec 2023/10/27 v2.16 Sectioning titles
\ttl@box=\box60
\beforetitleunit=\skip66
\aftertitleunit=\skip67
\ttl@plus=\dimen180
\ttl@minus=\dimen181
\ttl@toksa=\toks25
\titlewidth=\dimen182
\titlewidthlast=\dimen183
\titlewidthfirst=\dimen184
)
(/usr/share/texlive/texmf-dist/tex/latex/enumitem/enumitem.sty
Package: enumitem 2019/06/20 v3.9 Customized lists
\labelindent=\skip68
\enit@outerparindent=\dimen185
\enit@toks=\toks26
\enit@inbox=\box61
\enit@count@id=\count294
\enitdp@description=\count295
)
(/usr/share/texlive/texmf-dist/tex/latex/parskip/parskip.sty
Package: parskip 2021-03-14 v2.0h non-zero parskip adjustments
)
(/usr/share/texlive/texmf-dist/tex/latex/amsmath/amsmath.sty
Package: amsmath 2023/05/13 v2.17o AMS math features
\@mathmargin=\skip69

For additional information on amsmath, use the `?' option.
(/usr/share/texlive/texmf-dist/tex/latex/amsmath/amstext.sty
Package: amstext 2021/08/26 v2.01 AMS text

(/usr/share/texlive/texmf-dist/tex/latex/amsmath/amsgen.sty
File: amsgen.sty 1999/11/30 v2.0 generic functions
\@emptytoks=\toks27
\ex@=\dimen186
))
(/usr/share/texlive/texmf-dist/tex/latex/amsmath/amsbsy.sty
Package: amsbsy 1999/11/29 v1.2d Bold Symbols
\pmbraise@=\dimen187
)
(/usr/share/texlive/texmf-dist/tex/latex/amsmath/amsopn.sty
Package: amsopn 2022/04/08 v2.04 operator names
)
\inf@bad=\count296
LaTeX Info: Redefining \frac on input line 234.
\uproot@=\count297
\leftroot@=\count298
LaTeX Info: Redefining \overline on input line 399.
LaTeX Info: Redefining \colon on input line 410.
\classnum@=\count299
\DOTSCASE@=\count300
LaTeX Info: Redefining \ldots on input line 496.
LaTeX Info: Redefining \dots on input line 499.
LaTeX Info: Redefining \cdots on input line 620.
\Mathstrutbox@=\box62
\strutbox@=\box63
LaTeX Info: Redefining \big on input line 722.
LaTeX Info: Redefining \Big on input line 723.
LaTeX Info: Redefining \bigg on input line 724.
LaTeX Info: Redefining \Bigg on input line 725.
\big@size=\dimen188
LaTeX Font Info:    Redeclaring font encoding OML on input line 743.
LaTeX Font Info:    Redeclaring font encoding OMS on input line 744.
\macc@depth=\count301
LaTeX Info: Redefining \bmod on input line 905.
LaTeX Info: Redefining \pmod on input line 910.
LaTeX Info: Redefining \smash on input line 940.
LaTeX Info: Redefining \relbar on input line 970.
LaTeX Info: Redefining \Relbar on input line 971.
\c@MaxMatrixCols=\count302
\dotsspace@=\muskip17
\c@parentequation=\count303
\dspbrk@lvl=\count304
\tag@help=\toks28
\row@=\count305
\column@=\count306
\maxfields@=\count307
\andhelp@=\toks29
\eqnshift@=\dimen189
\alignsep@=\dimen190
\tagshift@=\dimen191
\tagwidth@=\dimen192
\totwidth@=\dimen193
\lineht@=\dimen194
\@envbody=\toks30
\multlinegap=\skip70
\multlinetaggap=\skip71
\mathdisplay@stack=\toks31
LaTeX Info: Redefining \[ on input line 2953.
LaTeX Info: Redefining \] on input line 2954.
)
(/usr/share/texlive/texmf-dist/tex/latex/multirow/multirow.sty
Package: multirow 2021/03/15 v2.8 Span multiple rows of a table
\multirow@colwidth=\skip72
\multirow@cntb=\count308
\multirow@dima=\skip73
\bigstrutjot=\dimen195
)
(/usr/share/texlive/texmf-dist/tex/latex/float/float.sty
Package: float 2001/11/08 v1.3d Float enhancements (AL)
\c@float@type=\count309
\float@exts=\toks32
\float@box=\box64
\@float@everytoks=\toks33
\@floatcapt=\box65
)
(/usr/share/texlive/texmf-dist/tex/latex/caption/caption.sty
Package: caption 2023/08/05 v3.6o Customizing captions (AR)

(/usr/share/texlive/texmf-dist/tex/latex/caption/caption3.sty
Package: caption3 2023/07/31 v2.4d caption3 kernel (AR)
\caption@tempdima=\dimen196
\captionmargin=\dimen197
\caption@leftmargin=\dimen198
\caption@rightmargin=\dimen199
\caption@width=\dimen256
\caption@indent=\dimen257
\caption@parindent=\dimen258
\caption@hangindent=\dimen259
Package caption Info: Standard document class detected.
)
\c@caption@flags=\count310
\c@continuedfloat=\count311
Package caption Info: float package is loaded.
Package caption Info: hyperref package is loaded.
Package caption Info: listings package is loaded.
Package caption Info: longtable package is loaded.

(/usr/share/texlive/texmf-dist/tex/latex/caption/ltcaption.sty
Package: ltcaption 2021/01/08 v1.4c longtable captions (AR)
))
(/usr/share/texlive/texmf-dist/tex/latex/caption/subcaption.sty
Package: subcaption 2023/07/28 v1.6b Sub-captions (AR)
Package caption Info: New subtype `subfigure' on input line 238.
\c@subfigure=\count312
Package caption Info: New subtype `subtable' on input line 238.
\c@subtable=\count313
)
(/usr/share/texlive/texmf-dist/tex/latex/setspace/setspace.sty
Package: setspace 2022/12/04 v6.7b set line spacing
)
Package hyperref Info: Option `colorlinks' set `true' on input line 32.

(/usr/share/texlive/texmf-dist/tex/latex/l3backend/l3backend-pdftex.def
File: l3backend-pdftex.def 2024-01-04 L3 backend support: PDF output (pdfTeX)
\l__color_backend_stack_int=\count314
\l__pdf_internal_box=\box66
)
(./BrandON_Final_Report.aux)
\openout1 = `BrandON_Final_Report.aux'.

LaTeX Font Info:    Checking defaults for OML/cmm/m/it on input line 91.
LaTeX Font Info:    ... okay on input line 91.
LaTeX Font Info:    Checking defaults for OMS/cmsy/m/n on input line 91.
LaTeX Font Info:    ... okay on input line 91.
LaTeX Font Info:    Checking defaults for OT1/cmr/m/n on input line 91.
LaTeX Font Info:    ... okay on input line 91.
LaTeX Font Info:    Checking defaults for T1/cmr/m/n on input line 91.
LaTeX Font Info:    ... okay on input line 91.
LaTeX Font Info:    Checking defaults for TS1/cmr/m/n on input line 91.
LaTeX Font Info:    ... okay on input line 91.
LaTeX Font Info:    Checking defaults for OMX/cmex/m/n on input line 91.
LaTeX Font Info:    ... okay on input line 91.
LaTeX Font Info:    Checking defaults for U/cmr/m/n on input line 91.
LaTeX Font Info:    ... okay on input line 91.
LaTeX Font Info:    Checking defaults for PD1/pdf/m/n on input line 91.
LaTeX Font Info:    ... okay on input line 91.
LaTeX Font Info:    Checking defaults for PU/pdf/m/n on input line 91.
LaTeX Font Info:    ... okay on input line 91.

*geometry* driver: auto-detecting
*geometry* detected driver: pdftex
*geometry* verbose mode - [ preamble ] result:
* driver: pdftex
* paper: a4paper
* layout: <same size as paper>
* layoutoffset:(h,v)=(0.0pt,0.0pt)
* modes: 
* h-part:(L,W,R)=(72.26999pt, 452.9679pt, 72.26999pt)
* v-part:(T,H,B)=(72.26999pt, 700.50687pt, 72.26999pt)
* \paperwidth=597.50787pt
* \paperheight=845.04684pt
* \textwidth=452.9679pt
* \textheight=700.50687pt
* \oddsidemargin=0.0pt
* \evensidemargin=0.0pt
* \topmargin=-40.0pt
* \headheight=15.0pt
* \headsep=25.0pt
* \topskip=12.0pt
* \footskip=30.0pt
* \marginparwidth=35.0pt
* \marginparsep=10.0pt
* \columnsep=10.0pt
* \skip\footins=10.8pt plus 4.0pt minus 2.0pt
* \hoffset=0.0pt
* \voffset=0.0pt
* \mag=1000
* \@twocolumnfalse
* \@twosidefalse
* \@mparswitchfalse
* \@reversemarginfalse
* (1in=72.27pt=25.4mm, 1cm=28.453pt)

(/usr/share/texlive/texmf-dist/tex/context/base/mkii/supp-pdf.mkii
[Loading MPS to PDF converter (version 2006.09.02).]
\scratchcounter=\count315
\scratchdimen=\dimen260
\scratchbox=\box67
\nofMPsegments=\count316
\nofMParguments=\count317
\everyMPshowfont=\toks34
\MPscratchCnt=\count318
\MPscratchDim=\dimen261
\MPnumerator=\count319
\makeMPintoPDFobject=\count320
\everyMPtoPDFconversion=\toks35
) (/usr/share/texlive/texmf-dist/tex/latex/epstopdf-pkg/epstopdf-base.sty
Package: epstopdf-base 2020-01-24 v2.11 Base part for package epstopdf
Package epstopdf-base Info: Redefining graphics rule for `.eps' on input line 4
85.

(/usr/share/texlive/texmf-dist/tex/latex/latexconfig/epstopdf-sys.cfg
File: epstopdf-sys.cfg 2010/07/13 v1.3 Configuration of (r)epstopdf for TeX Liv
e
))
Package hyperref Info: Link coloring ON on input line 91.

(./BrandON_Final_Report.out) (./BrandON_Final_Report.out)
\@outlinefile=\write3
\openout3 = `BrandON_Final_Report.out'.

\c@lstlisting=\count321
Package caption Info: Begin \AtBeginDocument code.
Package caption Info: End \AtBeginDocument code.


LaTeX Warning: No \author given.

[1

{/var/lib/texmf/fonts/map/pdftex/updmap/pdftex.map}{/usr/share/texmf/fonts/enc/
dvips/cm-super/cm-super-t1.enc}] (./BrandON_Final_Report.toc [2])
\tf@toc=\write4
\openout4 = `BrandON_Final_Report.toc'.

 [3]
Underfull \hbox (badness 1635) in paragraph at lines 146--146
[]|\T1/cmr/m/n/12 Reliable re-la-tional DB, runs in
 []


Underfull \hbox (badness 6094) in paragraph at lines 146--146
[]|\T1/cmr/m/n/12 Single com-mand to start the
 []

[4{/usr/share/texmf/fonts/enc/dvips/cm-super/cm-super-ts1.enc}]
Underfull \hbox (badness 1968) in paragraph at lines 170--171
[]|\T1/cmr/m/n/12 I don't have to do
 []


Underfull \hbox (badness 2293) in paragraph at lines 171--171
[]|\T1/cmr/m/n/12 Upload my de-sign file
 []


Underfull \hbox (badness 10000) in paragraph at lines 191--191
[]|\T1/cmr/m/n/12 Add ma-te-ri-als with
 []


Underfull \hbox (badness 10000) in paragraph at lines 192--192
[]|\T1/cmr/m/n/12 US-
 []


Underfull \hbox (badness 1735) in paragraph at lines 192--193
[]|\T1/cmr/m/n/12 I can up-date prices
 []


Underfull \hbox (badness 1348) in paragraph at lines 192--193
\T1/cmr/m/n/12 or re-move dis-con-tin-
 []


Underfull \hbox (badness 10000) in paragraph at lines 193--193
[]|\T1/cmr/m/n/12 US-
 []


Underfull \hbox (badness 10000) in paragraph at lines 194--194
[]|\T1/cmr/m/n/12 US-
 []


Underfull \hbox (badness 10000) in paragraph at lines 194--194
[]|\T1/cmr/m/n/12 Update or-der sta-tus
 []


Underfull \hbox (badness 2512) in paragraph at lines 194--195
[]|\T1/cmr/m/n/12 Orders progress for-
 []


Underfull \hbox (badness 10000) in paragraph at lines 195--195
[]|\T1/cmr/m/n/12 US-
 []


Underfull \hbox (badness 2875) in paragraph at lines 195--195
[]|\T1/cmr/m/n/12 Upload im-ages to the
 []


Underfull \hbox (badness 10000) in paragraph at lines 195--196
[]|\T1/cmr/m/n/12 Potential cus-tomers
 []


Underfull \hbox (badness 10000) in paragraph at lines 196--196
[]|\T1/cmr/m/n/12 US-
 []


Underfull \hbox (badness 2452) in paragraph at lines 196--197
[]|\T1/cmr/m/n/12 Public pages al-ways
 []


Underfull \hbox (badness 10000) in paragraph at lines 197--197
[]|\T1/cmr/m/n/12 US-
 []

[5]
LaTeX Font Info:    Trying to load font information for T1+cmtt on input line 2
11.
 (/usr/share/texlive/texmf-dist/tex/latex/base/t1cmtt.fd
File: t1cmtt.fd 2023/04/13 v2.5m Standard LaTeX font definitions
)
<diagrams/component-diagram.png, id=311, 653.44125pt x 914.41624pt>
File: diagrams/component-diagram.png Graphic file (type png)
<use diagrams/component-diagram.png>
Package pdftex.def Info: diagrams/component-diagram.png  used on input line 228
.
(pdftex.def)             Requested size: 339.72592pt x 475.40152pt.
 [6]
Overfull \hbox (2.78618pt too wide) in paragraph at lines 233--234
\T1/cmtt/m/n/12 /admin/* \T1/cmr/m/n/12 path, the mid-dle-ware ver-i-fies the \
T1/cmtt/m/n/12 admin_token \T1/cmr/m/n/12 cookie against the \T1/cmtt/m/n/12 AD
MIN_SECRET
 []


Overfull \hbox (2.78618pt too wide) in paragraph at lines 235--236
\T1/cmtt/m/n/12 /admin/* \T1/cmr/m/n/12 path, the mid-dle-ware ver-i-fies the \
T1/cmtt/m/n/12 admin_token \T1/cmr/m/n/12 cookie against the \T1/cmtt/m/n/12 AD
MIN_SECRET
 []

[7 <./diagrams/component-diagram.png>]
<diagrams/class-diagram.png, id=329, 1027.84pt x 561.09625pt>
File: diagrams/class-diagram.png Graphic file (type png)
<use diagrams/class-diagram.png>
Package pdftex.def Info: diagrams/class-diagram.png  used on input line 239.
(pdftex.def)             Requested size: 430.31812pt x 234.91396pt.
<diagrams/db-diagram.png, id=330, 1293.83376pt x 819.06pt>
File: diagrams/db-diagram.png Graphic file (type png)
<use diagrams/db-diagram.png>
Package pdftex.def Info: diagrams/db-diagram.png  used on input line 248.
(pdftex.def)             Requested size: 407.66833pt x 258.06775pt.
 [8 <./diagrams/class-diagram.png (PNG copy)>]
<diagrams/sequence-diagram-place-order.png, id=336, 1316.92pt x 1112.155pt>
File: diagrams/sequence-diagram-place-order.png Graphic file (type png)
<use diagrams/sequence-diagram-place-order.png>
Package pdftex.def Info: diagrams/sequence-diagram-place-order.png  used on inp
ut line 277.
(pdftex.def)             Requested size: 362.37569pt x 306.02176pt.
 [9 <./diagrams/db-diagram.png>]
<diagrams/sequence-diagram-admin.png, id=344, 1230.5975pt x 1262.7175pt>
File: diagrams/sequence-diagram-admin.png Graphic file (type png)
<use diagrams/sequence-diagram-admin.png>
Package pdftex.def Info: diagrams/sequence-diagram-admin.png  used on input lin
e 286.
(pdftex.def)             Requested size: 362.37569pt x 371.82408pt.
 [10 <./diagrams/sequence-diagram-place-order.png>]
<diagrams/use-case-diagram.png, id=351, 1284.8pt x 700.6175pt>
File: diagrams/use-case-diagram.png Graphic file (type png)
<use diagrams/use-case-diagram.png>
Package pdftex.def Info: diagrams/use-case-diagram.png  used on input line 295.

(pdftex.def)             Requested size: 430.31812pt x 234.65753pt.
 [11 <./diagrams/sequence-diagram-admin.png>]
(/usr/share/texlive/texmf-dist/tex/latex/listings/lstlang1.sty
File: lstlang1.sty 2023/02/27 1.9 listings language file
)
Package hyperref Info: bookmark level for unknown lstlisting defaults to 0 on i
nput line 316.
LaTeX Font Info:    Font shape `T1/cmtt/bx/n' in size <10.95> not available
(Font)              Font shape `T1/cmtt/m/n' tried instead on input line 317.
 [12 <./diagrams/use-case-diagram.png (PNG copy)>] [13] [14] [15] [16]
Underfull \hbox (badness 10000) in paragraph at lines 531--531
[]|\T1/cmr/m/n/12 Admin mid-dle-ware cookie-based
 []


Underfull \hbox (badness 1622) in paragraph at lines 534--534
[]|\T1/cmr/m/n/12 Home page: hero, how-it-works,
 []


Underfull \hbox (badness 1448) in paragraph at lines 540--540
[]|\T1/cmr/m/n/12 Input val-i-da-tion helpers: val-i-da-
 []

[17]
Underfull \hbox (badness 1377) in paragraph at lines 588--588
[]|\T1/cmr/m/n/12 pricing.ts, val-i-da-tion.ts, prisma.ts, mock-Ser-
 []

[18]
Underfull \hbox (badness 1009) in paragraph at lines 620--620
[]|\T1/cmr/m/n/12 Material, Or-der, GalleryItem, Ad-min, Or-der-Sta-
 []


Overfull \hbox (18.8425pt too wide) detected at line 625
[] \OT1/cmr/m/n/12 = (3 + 3 + 4 + 4 + 3 + 3 + 4) \OMS/cmsy/m/n/12 ^^A [] \OT1/c
mr/m/n/12 + (5 + 4) \OMS/cmsy/m/n/12 ^^A [] \OT1/cmr/m/n/12 + (3 + 4 + 3 + 3) \
OMS/cmsy/m/n/12 ^^A [] \OT1/cmr/m/n/12 + 6 \OMS/cmsy/m/n/12 ^^B \OT1/cmr/m/n/12
 10
 []

[19]
Underfull \hbox (badness 10000) in alignment at lines 712--712
[][][][][][][]
 []

[20]
Overfull \hbox (32.10675pt too wide) in paragraph at lines 741--742
\T1/cmr/m/n/12 Tests cover \T1/cmtt/m/n/12 validateOrderInput() \T1/cmr/m/n/12 
and \T1/cmtt/m/n/12 validateMaterialInput() \T1/cmr/m/n/12 from \T1/cmtt/m/n/12
 lib/validation.ts\T1/cmr/m/n/12 .
 []

[21] [22]
Underfull \hbox (badness 10000) in paragraph at lines 838--838
[]|\T1/cmr/m/n/12 REG-
 []


Underfull \hbox (badness 1496) in paragraph at lines 838--838
[]|\T1/cmr/m/n/12 Uppercase enum en-
 []


Underfull \hbox (badness 10000) in paragraph at lines 839--839
[]|\T1/cmr/m/n/12 REG-
 []


Underfull \hbox (badness 6592) in paragraph at lines 839--840
[]|\T1/cmr/m/n/12 Public GET ex-cludes in-ac-tive; ad-min
 []


Underfull \hbox (badness 10000) in paragraph at lines 840--840
[]|\T1/cmr/m/n/12 REG-
 []


Underfull \hbox (badness 10000) in paragraph at lines 841--841
[]|\T1/cmr/m/n/12 REG-
 []


Underfull \hbox (badness 1024) in paragraph at lines 841--842
[]|\T1/cmr/m/n/12 Skipped and back-ward tran-si-tions re-turn
 []


Underfull \hbox (badness 10000) in paragraph at lines 842--842
[]|\T1/cmr/m/n/12 REG-
 []


Underfull \hbox (badness 2828) in paragraph at lines 842--842
[]|\T1/cmr/m/n/12 Server-side price in-
 []


Underfull \hbox (badness 10000) in paragraph at lines 843--843
[]|\T1/cmr/m/n/12 REG-
 []


Underfull \hbox (badness 10000) in paragraph at lines 843--843
[]|\T1/cmr/m/n/12 Database-connected
 []


Underfull \hbox (badness 10000) in paragraph at lines 844--844
[]|\T1/cmr/m/n/12 REG-
 []


Underfull \hbox (badness 10000) in paragraph at lines 844--844
[]|\T1/cmr/m/n/12 Duplicate ma-te-rial
 []


Underfull \hbox (badness 10000) in paragraph at lines 845--845
[]|\T1/cmr/m/n/12 REG-
 []

<jest-testing-ss/43dcc90a-96c0-47e1-82bf-0622c06c31f5.jpeg, id=501, 1664.2175pt
 x 846.16125pt>
File: jest-testing-ss/43dcc90a-96c0-47e1-82bf-0622c06c31f5.jpeg Graphic file (t
ype jpg)
<use jest-testing-ss/43dcc90a-96c0-47e1-82bf-0622c06c31f5.jpeg>
Package pdftex.def Info: jest-testing-ss/43dcc90a-96c0-47e1-82bf-0622c06c31f5.j
peg  used on input line 854.
(pdftex.def)             Requested size: 452.9679pt x 230.3pt.
[23]
<jest-testing-ss/54133571-16c1-41c9-a696-d102037ca56a.jpeg, id=508, 1664.2175pt
 x 846.16125pt>
File: jest-testing-ss/54133571-16c1-41c9-a696-d102037ca56a.jpeg Graphic file (t
ype jpg)
<use jest-testing-ss/54133571-16c1-41c9-a696-d102037ca56a.jpeg>
Package pdftex.def Info: jest-testing-ss/54133571-16c1-41c9-a696-d102037ca56a.j
peg  used on input line 861.
(pdftex.def)             Requested size: 452.9679pt x 230.3pt.
<jest-testing-ss/82b44dec-a0c6-48ae-9ea1-4d804198ac28.jpeg, id=509, 1664.2175pt
 x 846.16125pt>
File: jest-testing-ss/82b44dec-a0c6-48ae-9ea1-4d804198ac28.jpeg Graphic file (t
ype jpg)
<use jest-testing-ss/82b44dec-a0c6-48ae-9ea1-4d804198ac28.jpeg>
Package pdftex.def Info: jest-testing-ss/82b44dec-a0c6-48ae-9ea1-4d804198ac28.j
peg  used on input line 868.
(pdftex.def)             Requested size: 452.9679pt x 230.3pt.
 [24 <./jest-testing-ss/43dcc90a-96c0-47e1-82bf-0622c06c31f5.jpeg> <./jest-test
ing-ss/54133571-16c1-41c9-a696-d102037ca56a.jpeg>]
<jest-testing-ss/3b016a07-0299-4251-8792-211c6b14474d.jpeg, id=516, 1664.2175pt
 x 846.16125pt>
File: jest-testing-ss/3b016a07-0299-4251-8792-211c6b14474d.jpeg Graphic file (t
ype jpg)
<use jest-testing-ss/3b016a07-0299-4251-8792-211c6b14474d.jpeg>
Package pdftex.def Info: jest-testing-ss/3b016a07-0299-4251-8792-211c6b14474d.j
peg  used on input line 875.
(pdftex.def)             Requested size: 452.9679pt x 230.3pt.
<jest-testing-ss/f6be0466-b191-427d-bd97-f6d7e7a97e52.jpeg, id=517, 1664.2175pt
 x 846.16125pt>
File: jest-testing-ss/f6be0466-b191-427d-bd97-f6d7e7a97e52.jpeg Graphic file (t
ype jpg)
<use jest-testing-ss/f6be0466-b191-427d-bd97-f6d7e7a97e52.jpeg>
Package pdftex.def Info: jest-testing-ss/f6be0466-b191-427d-bd97-f6d7e7a97e52.j
peg  used on input line 882.
(pdftex.def)             Requested size: 452.9679pt x 230.3pt.
 [25 <./jest-testing-ss/82b44dec-a0c6-48ae-9ea1-4d804198ac28.jpeg> <./jest-test
ing-ss/3b016a07-0299-4251-8792-211c6b14474d.jpeg>]
Underfull \hbox (badness 10000) in paragraph at lines 916--916
[]|[][]$\T1/cmtt/m/n/12 https : / / drive . google . com / drive / folders /
 []


Underfull \hbox (badness 10000) in paragraph at lines 916--916
[]|[][]$\T1/cmtt/m/n/12 https : / / drive . google . com / file / d /
 []


Underfull \hbox (badness 10000) in paragraph at lines 916--916
\T1/cmtt/m/n/12 1FwGaqtQGrgvTfMEvJ4OCHVYvRURQAQBN / view ? usp =
 []


Underfull \hbox (badness 10000) in paragraph at lines 916--916
[]|[][]$\T1/cmtt/m/n/12 https : / / drive . google . com / file / d /
 []


Underfull \hbox (badness 10000) in paragraph at lines 916--916
\T1/cmtt/m/n/12 157PgYV12Dcwuvmkl3F7FBoAR9u _ Cdxyf / view ? usp =
 []

[26 <./jest-testing-ss/f6be0466-b191-427d-bd97-f6d7e7a97e52.jpeg>]
Underfull \hbox (badness 10000) in paragraph at lines 932--932
[]|\T1/cmr/m/n/12 GET,
 []


Underfull \hbox (badness 10000) in paragraph at lines 933--933
[]|\T1/cmr/m/n/12 GET,
 []


Underfull \hbox (badness 10000) in paragraph at lines 933--933
\T1/cmr/m/n/12 PUT,
 []


Underfull \hbox (badness 10000) in paragraph at lines 934--934
[]|\T1/cmr/m/n/12 GET,
 []


Underfull \hbox (badness 10000) in paragraph at lines 935--935
[]|\T1/cmr/m/n/12 GET,
 []


Underfull \hbox (badness 10000) in paragraph at lines 936--936
[]|\T1/cmr/m/n/12 GET,
 []

[27] [28] (./BrandON_Final_Report.aux)
 ***********
LaTeX2e <2023-11-01> patch level 1
L3 programming layer <2024-01-22>
 ***********
Package rerunfilecheck Info: File `BrandON_Final_Report.out' has not changed.
(rerunfilecheck)             Checksum: 743AFC65C3CACEE3D9DD116CDB11F7FC;8980.
 ) 
Here is how much of TeX's memory you used:
 15135 strings out of 476106
 235901 string characters out of 5793932
 2212975 words of memory out of 5000000
 36755 multiletter control sequences out of 15000+600000
 573757 words of font info for 69 fonts, out of 8000000 for 9000
 59 hyphenation exceptions out of 8191
 75i,12n,79p,1209b,2083s stack positions out of 10000i,1000n,20000p,200000b,200000s
</usr/share/texlive/texmf-dist/fonts/type1/public/amsfonts/cm/cmmi12.pfb></us
r/share/texlive/texmf-dist/fonts/type1/public/amsfonts/cm/cmmi8.pfb></usr/share
/texlive/texmf-dist/fonts/type1/public/amsfonts/cm/cmr12.pfb></usr/share/texliv
e/texmf-dist/fonts/type1/public/amsfonts/cm/cmr8.pfb></usr/share/texlive/texmf-
dist/fonts/type1/public/amsfonts/cm/cmsy10.pfb></usr/share/texmf/fonts/type1/pu
blic/cm-super/sfbx1200.pfb></usr/share/texmf/fonts/type1/public/cm-super/sfbx14
40.pfb></usr/share/texmf/fonts/type1/public/cm-super/sfbx1728.pfb></usr/share/t
exmf/fonts/type1/public/cm-super/sfbx2074.pfb></usr/share/texmf/fonts/type1/pub
lic/cm-super/sfrm0600.pfb></usr/share/texmf/fonts/type1/public/cm-super/sfrm120
0.pfb></usr/share/texmf/fonts/type1/public/cm-super/sfrm1440.pfb></usr/share/te
xmf/fonts/type1/public/cm-super/sfti1200.pfb></usr/share/texmf/fonts/type1/publ
ic/cm-super/sftt1095.pfb></usr/share/texmf/fonts/type1/public/cm-super/sftt1200
.pfb>
Output written on BrandON_Final_Report.pdf (28 pages, 2437431 bytes).
PDF statistics:
 678 PDF objects out of 1000 (max. 8388607)
 588 compressed objects within 6 object streams
 201 named destinations out of 1000 (max. 500000)
 496 words of extra memory for PDF output out of 10000 (max. 10000000)

